<?xml version="1.0" encoding="UTF-8"?>
<!-- Generated by org.testng.reporters.JUnitXMLReporter -->
<testsuite hostname="Tyss-PT-030" ignored="0" name="Test" tests="1" failures="0" timestamp="07 Jun 2019 05:52:14 GMT" time="0.081" errors="0">
  <testcase name="@BeforeMethod beforeMethod" time="0.047" classname="com.ls.generic.BaseTest">
    <failure type="java.lang.IllegalStateException" message="The driver executable does not exist: C:\drivers\chromedriver.exe">
      <![CDATA[java.lang.IllegalStateException: The driver executable does not exist: C:\drivers\chromedriver.exe
at com.google.common.base.Preconditions.checkState(Preconditions.java:585)
at org.openqa.selenium.remote.service.DriverService.checkExecutable(DriverService.java:146)
at org.openqa.selenium.remote.service.DriverService.findExecutable(DriverService.java:141)
at org.openqa.selenium.chrome.ChromeDriverService.access$000(ChromeDriverService.java:35)
at org.openqa.selenium.chrome.ChromeDriverService$Builder.findDefaultExecutable(ChromeDriverService.java:159)
at org.openqa.selenium.remote.service.DriverService$Builder.build(DriverService.java:355)
at org.openqa.selenium.chrome.ChromeDriverService.createDefaultService(ChromeDriverService.java:94)
at org.openqa.selenium.chrome.ChromeDriver.<init>(ChromeDriver.java:123)
at com.ls.generic.BaseTest.beforeMethod(BaseTest.java:17)
... Removed 28 stack frames]]>
    </failure>
  </testcase> <!-- @BeforeMethod beforeMethod -->
  <testcase name="name2" time="0.0" classname="com.ls.test.TC">
    <skipped/>
  </testcase> <!-- name2 -->
</testsuite> <!-- Test -->
